<?xml version="1.0" encoding="UTF-8"?>
<testsuite xmlns:xsi="http://www.w3.org/2001/XMLSchema-instance" xsi:noNamespaceSchemaLocation="https://maven.apache.org/surefire/maven-surefire-plugin/xsd/surefire-test-report.xsd" name="org.prueba.junit5app.ejemplo.models.CuentaTest" time="0.18" tests="21" errors="0" skipped="5" failures="0">
  <properties>
[...]
</properties>
  <testcase name="testCreditoCuenta" classname="org.prueba.junit5app.ejemplo.models.CuentaTest" time="0.034"/>
  <testcase name="testProcesadores" classname="org.prueba.junit5app.ejemplo.models.CuentaTest" time="0.001"/>
  <testcase name="testNoWindows" classname="org.prueba.junit5app.ejemplo.models.CuentaTest" time="0">
    <skipped message="Disabled on operating system: Windows 10"/>
  </testcase>
  <testcase name="soloJdk15" classname="org.prueba.junit5app.ejemplo.models.CuentaTest" time="0">
    <skipped message="Disabled on JRE version: 11.0.11"/>
  </testcase>
  <testcase name="testNo64" classname="org.prueba.junit5app.ejemplo.models.CuentaTest" time="0">
    <skipped message="System property [os.arch] with value [amd64] does not match regular expression [.*32.*]"/>
  </testcase>
  <testcase name="testDebitoCuenta" classname="org.prueba.junit5app.ejemplo.models.CuentaTest" time="0.001"/>
  <testcase name="testSaldoCuenta" classname="org.prueba.junit5app.ejemplo.models.CuentaTest" time="0.002"/>
  <testcase name="testSoloLinuxMac" classname="org.prueba.junit5app.ejemplo.models.CuentaTest" time="0">
    <skipped message="Disabled on operating system: Windows 10"/>
  </testcase>
  <testcase name="testSoloWindows" classname="org.prueba.junit5app.ejemplo.models.CuentaTest" time="0.001"/>
  <testcase name="testJavaHome" classname="org.prueba.junit5app.ejemplo.models.CuentaTest" time="0.001"/>
  <testcase name="testTeferenciaCuenta" classname="org.prueba.junit5app.ejemplo.models.CuentaTest" time="0"/>
  <testcase name="testJavaVersion" classname="org.prueba.junit5app.ejemplo.models.CuentaTest" time="0.001"/>
  <testcase name="testDineroInsufucienteExceptioCuenta" classname="org.prueba.junit5app.ejemplo.models.CuentaTest" time="0.003"/>
  <testcase name="soloNoJdk15" classname="org.prueba.junit5app.ejemplo.models.CuentaTest" time="0.002"/>
  <testcase name="testTranferirDineroCuentas" classname="org.prueba.junit5app.ejemplo.models.CuentaTest" time="0.002"/>
  <testcase name="testRelacionBancoCuentas" classname="org.prueba.junit5app.ejemplo.models.CuentaTest" time="0.008"/>
  <testcase name="soloJdk8" classname="org.prueba.junit5app.ejemplo.models.CuentaTest" time="0">
    <skipped message="Disabled on JRE version: 11.0.11"/>
  </testcase>
  <testcase name="imprimirSystemProperties" classname="org.prueba.junit5app.ejemplo.models.CuentaTest" time="0.053"/>
  <testcase name="testSolo64" classname="org.prueba.junit5app.ejemplo.models.CuentaTest" time="0"/>
  <testcase name="imprimirVariablesAmbiente" classname="org.prueba.junit5app.ejemplo.models.CuentaTest" time="0.014"/>
  <testcase name="testNombreCuenta" classname="org.prueba.junit5app.ejemplo.models.CuentaTest" time="0.001"/>
</testsuite>