<?xml version="1.0" encoding="UTF-8" ?>
<testsuite tests="8" failures="0" name="org.prueba.junit5app.ejemplo.models.CuentaTest" time="0.063" errors="0" skipped="0">
  <properties>
[...]
</properties>
  <testcase classname="org.prueba.junit5app.ejemplo.models.CuentaTest" name="org.prueba.junit5app.ejemplo.models.CuentaTest.testDineroInsufucienteExceptioCuenta" time="0.033"/>
  <testcase classname="org.prueba.junit5app.ejemplo.models.CuentaTest" name="org.prueba.junit5app.ejemplo.models.CuentaTest.testSaldoCuenta" time="0.003"/>
  <testcase classname="org.prueba.junit5app.ejemplo.models.CuentaTest" name="org.prueba.junit5app.ejemplo.models.CuentaTest.testCreditoCuenta" time="0"/>
  <testcase classname="org.prueba.junit5app.ejemplo.models.CuentaTest" name="org.prueba.junit5app.ejemplo.models.CuentaTest.testNombreCuenta" time="0.002"/>
  <testcase classname="org.prueba.junit5app.ejemplo.models.CuentaTest" name="org.prueba.junit5app.ejemplo.models.CuentaTest.testDebitoCuenta" time="0.001"/>
  <testcase classname="org.prueba.junit5app.ejemplo.models.CuentaTest" name="org.prueba.junit5app.ejemplo.models.CuentaTest.testRelacionBancoCuentas" time="0.024"/>
  <testcase classname="org.prueba.junit5app.ejemplo.models.CuentaTest" name="org.prueba.junit5app.ejemplo.models.CuentaTest.testTranferirDineroCuentas" time="0"/>
  <testcase classname="org.prueba.junit5app.ejemplo.models.CuentaTest" name="org.prueba.junit5app.ejemplo.models.CuentaTest.testTeferenciaCuenta" time="0"/>
</testsuite>